This is pdfTeX, Version 3.1415926-2.4-1.40.13 (MiKTeX 2.9 64-bit) (preloaded format=pdflatex 2013.10.30)  17 OCT 2015 00:29
entering extended mode
**document.tex

("C:\Users\Anwender_2\Eigene Cloud\Dropbox\Hochschule Bonn-Rhein-Sieg\LaTeX\LaT
eX-Templatev2\document.tex"
LaTeX2e <2011/06/27>
Babel <v3.8m> and hyphenation patterns for english, afrikaans, ancientgreek, ar
abic, armenian, assamese, basque, bengali, bokmal, bulgarian, catalan, coptic, 
croatian, czech, danish, dutch, esperanto, estonian, farsi, finnish, french, ga
lician, german, german-x-2012-05-30, greek, gujarati, hindi, hungarian, iceland
ic, indonesian, interlingua, irish, italian, kannada, kurmanji, latin, latvian,
 lithuanian, malayalam, marathi, mongolian, mongolianlmc, monogreek, ngerman, n
german-x-2012-05-30, nynorsk, oriya, panjabi, pinyin, polish, portuguese, roman
ian, russian, sanskrit, serbian, slovak, slovenian, spanish, swedish, swissgerm
an, tamil, telugu, turkish, turkmen, ukenglish, ukrainian, uppersorbian, usengl
ishmax, welsh, loaded.

(C:\Users\Anwender_2\AppData\Roaming\MiKTeX\2.9\tex\latex\koma-script\scrreprt.
cls
Document Class: scrreprt 2012/07/29 v3.11b KOMA-Script document class (report)

(C:\Users\Anwender_2\AppData\Roaming\MiKTeX\2.9\tex\latex\koma-script\scrkbase.
sty
Package: scrkbase 2012/07/29 v3.11b KOMA-Script package (KOMA-Script-dependent 
basics and keyval usage)

(C:\Users\Anwender_2\AppData\Roaming\MiKTeX\2.9\tex\latex\koma-script\scrbase.s
ty
Package: scrbase 2012/07/29 v3.11b KOMA-Script package (KOMA-Script-independent
 basics and keyval usage)
 ("C:\Program Files\MiKTeX 2.9\tex\latex\graphics\keyval.sty"
Package: keyval 1999/03/16 v1.13 key=value parser (DPC)
\KV@toks@=\toks14
)
(C:\Users\Anwender_2\AppData\Roaming\MiKTeX\2.9\tex\latex\koma-script\scrlfile.
sty
Package: scrlfile 2012/06/15 v3.12 KOMA-Script package (loading files)

Package scrlfile, 2012/06/15 v3.12 KOMA-Script package (loading files)
                  Copyright (C) Markus Kohm

)))
(C:\Users\Anwender_2\AppData\Roaming\MiKTeX\2.9\tex\latex\koma-script\tocbasic.
sty
Package: tocbasic 2012/04/04 v3.10b KOMA-Script package (handling toc-files)
)
Package tocbasic Info: omitting babel extension for `toc'
(tocbasic)             because of feature `nobabel' available
(tocbasic)             for `toc' on input line 117.
Package tocbasic Info: omitting babel extension for `lof'
(tocbasic)             because of feature `nobabel' available
(tocbasic)             for `lof' on input line 118.
Package tocbasic Info: omitting babel extension for `lot'
(tocbasic)             because of feature `nobabel' available
(tocbasic)             for `lot' on input line 119.
Package scrreprt Info: You've used obsolete option `12pt'.
(scrreprt)             \KOMAExecuteOptions{fontsize=12pt} will be
(scrreprt)             used instead.
(scrreprt)             You may simply replace `12pt'
(scrreprt)             by `fontsize=12pt'.
Class scrreprt Info: You've used standard option `abstractoff'.
(scrreprt)           This is correct!
(scrreprt)           Internally I'm using `abstract=false'.
(scrreprt)           If you'd like to set the option with \KOMAoptions,
(scrreprt)           you'd have to use `abstract=false' there
(scrreprt)           instead of `abstractoff', too.
Class scrreprt Info: File `scrsize12pt.clo' used to setup font sizes on input l
ine 1367.

(C:\Users\Anwender_2\AppData\Roaming\MiKTeX\2.9\tex\latex\koma-script\scrsize12
pt.clo
File: scrsize12pt.clo 2012/07/29 v3.11b KOMA-Script font size class option (12p
t)
)
(C:\Users\Anwender_2\AppData\Roaming\MiKTeX\2.9\tex\latex\koma-script\typearea.
sty
Package: typearea 2012/07/29 v3.11b KOMA-Script package (type area)

Package typearea, 2012/07/29 v3.11b KOMA-Script package (type area)
                  Copyright (C) Frank Neukam, 1992-1994
                  Copyright (C) Markus Kohm, 1994-

\ta@bcor=\skip41
\ta@div=\count79
Package typearea Info: You've used standard option `a4paper'.
(typearea)             This is correct!
(typearea)             Internally I'm using `paper=a4'.
(typearea)             If you'd like to set the option with \KOMAoptions,
(typearea)             you'd have to use `paper=a4' there
(typearea)             instead of `a4paper', too.
\ta@hblk=\skip42
\ta@vblk=\skip43
\ta@temp=\skip44
Package typearea Info: These are the values describing the layout:
(typearea)             DIV  = 12
(typearea)             BCOR = 0.0pt
(typearea)             \paperwidth      = 597.50793pt
(typearea)              \textwidth      = 448.13095pt
(typearea)              DIV departure   = -6%
(typearea)              \evensidemargin = 2.4185pt
(typearea)              \oddsidemargin  = 2.4185pt
(typearea)             \paperheight     = 845.04694pt
(typearea)              \textheight     = 635.5pt
(typearea)              \topmargin      = -41.72441pt
(typearea)              \headheight     = 18.125pt
(typearea)              \headsep        = 21.75pt
(typearea)              \topskip        = 12.0pt
(typearea)              \footskip       = 50.75pt
(typearea)              \baselineskip   = 14.5pt
(typearea)              on input line 1213.
)
\c@part=\count80
\c@chapter=\count81
\c@section=\count82
\c@subsection=\count83
\c@subsubsection=\count84
\c@paragraph=\count85
\c@subparagraph=\count86
\abovecaptionskip=\skip45
\belowcaptionskip=\skip46
\c@pti@nb@sid@b@x=\box26
\c@figure=\count87
\c@table=\count88
\bibindent=\dimen102
) ("C:\Program Files\MiKTeX 2.9\tex\latex\geometry\geometry.sty"
Package: geometry 2010/09/12 v5.6 Page Geometry

("C:\Program Files\MiKTeX 2.9\tex\generic\oberdiek\ifpdf.sty"
Package: ifpdf 2011/01/30 v2.3 Provides the ifpdf switch (HO)
Package ifpdf Info: pdfTeX in PDF mode is detected.
)
("C:\Program Files\MiKTeX 2.9\tex\generic\oberdiek\ifvtex.sty"
Package: ifvtex 2010/03/01 v1.5 Detect VTeX and its facilities (HO)
Package ifvtex Info: VTeX not detected.
)
("C:\Program Files\MiKTeX 2.9\tex\generic\ifxetex\ifxetex.sty"
Package: ifxetex 2010/09/12 v0.6 Provides ifxetex conditional
)
\Gm@cnth=\count89
\Gm@cntv=\count90
\c@Gm@tempcnt=\count91
\Gm@bindingoffset=\dimen103
\Gm@wd@mp=\dimen104
\Gm@odd@mp=\dimen105
\Gm@even@mp=\dimen106
\Gm@layoutwidth=\dimen107
\Gm@layoutheight=\dimen108
\Gm@layouthoffset=\dimen109
\Gm@layoutvoffset=\dimen110
\Gm@dimlist=\toks15

("C:\Program Files\MiKTeX 2.9\tex\latex\geometry\geometry.cfg"))
(C:\Users\Anwender_2\AppData\Roaming\MiKTeX\2.9\tex\latex\germbib\bibgerm.sty
Package: bibgerm 2000/08/18 v0.1 Support for mixed language bibliographies

** Macros for german `BibTeX'ing added to Style Option `german' 20 Apr 1993 **
** idea and languages `german' and `USenglish' implemented by M. Wallmeier **
** Modified for LaTeX 2e and german.sty 2.5b by A. Scherer 1 Nov 1995 **
** Modified for ngerman.sty and babel.sty by H. Harders 21 August 2000 **)
("C:\Program Files\MiKTeX 2.9\tex\latex\base\inputenc.sty"
Package: inputenc 2008/03/30 v1.1d Input encoding file
\inpenc@prehook=\toks16
\inpenc@posthook=\toks17

("C:\Program Files\MiKTeX 2.9\tex\latex\base\utf8.def"
File: utf8.def 2008/04/05 v1.1m UTF-8 support for inputenc
Now handling font encoding OML ...
... no UTF-8 mapping file for font encoding OML
Now handling font encoding T1 ...
... processing UTF-8 mapping file for font encoding T1

("C:\Program Files\MiKTeX 2.9\tex\latex\base\t1enc.dfu"
File: t1enc.dfu 2008/04/05 v1.1m UTF-8 support for inputenc
   defining Unicode char U+00A1 (decimal 161)
   defining Unicode char U+00A3 (decimal 163)
   defining Unicode char U+00AB (decimal 171)
   defining Unicode char U+00BB (decimal 187)
   defining Unicode char U+00BF (decimal 191)
   defining Unicode char U+00C0 (decimal 192)
   defining Unicode char U+00C1 (decimal 193)
   defining Unicode char U+00C2 (decimal 194)
   defining Unicode char U+00C3 (decimal 195)
   defining Unicode char U+00C4 (decimal 196)
   defining Unicode char U+00C5 (decimal 197)
   defining Unicode char U+00C6 (decimal 198)
   defining Unicode char U+00C7 (decimal 199)
   defining Unicode char U+00C8 (decimal 200)
   defining Unicode char U+00C9 (decimal 201)
   defining Unicode char U+00CA (decimal 202)
   defining Unicode char U+00CB (decimal 203)
   defining Unicode char U+00CC (decimal 204)
   defining Unicode char U+00CD (decimal 205)
   defining Unicode char U+00CE (decimal 206)
   defining Unicode char U+00CF (decimal 207)
   defining Unicode char U+00D0 (decimal 208)
   defining Unicode char U+00D1 (decimal 209)
   defining Unicode char U+00D2 (decimal 210)
   defining Unicode char U+00D3 (decimal 211)
   defining Unicode char U+00D4 (decimal 212)
   defining Unicode char U+00D5 (decimal 213)
   defining Unicode char U+00D6 (decimal 214)
   defining Unicode char U+00D8 (decimal 216)
   defining Unicode char U+00D9 (decimal 217)
   defining Unicode char U+00DA (decimal 218)
   defining Unicode char U+00DB (decimal 219)
   defining Unicode char U+00DC (decimal 220)
   defining Unicode char U+00DD (decimal 221)
   defining Unicode char U+00DE (decimal 222)
   defining Unicode char U+00DF (decimal 223)
   defining Unicode char U+00E0 (decimal 224)
   defining Unicode char U+00E1 (decimal 225)
   defining Unicode char U+00E2 (decimal 226)
   defining Unicode char U+00E3 (decimal 227)
   defining Unicode char U+00E4 (decimal 228)
   defining Unicode char U+00E5 (decimal 229)
   defining Unicode char U+00E6 (decimal 230)
   defining Unicode char U+00E7 (decimal 231)
   defining Unicode char U+00E8 (decimal 232)
   defining Unicode char U+00E9 (decimal 233)
   defining Unicode char U+00EA (decimal 234)
   defining Unicode char U+00EB (decimal 235)
   defining Unicode char U+00EC (decimal 236)
   defining Unicode char U+00ED (decimal 237)
   defining Unicode char U+00EE (decimal 238)
   defining Unicode char U+00EF (decimal 239)
   defining Unicode char U+00F0 (decimal 240)
   defining Unicode char U+00F1 (decimal 241)
   defining Unicode char U+00F2 (decimal 242)
   defining Unicode char U+00F3 (decimal 243)
   defining Unicode char U+00F4 (decimal 244)
   defining Unicode char U+00F5 (decimal 245)
   defining Unicode char U+00F6 (decimal 246)
   defining Unicode char U+00F8 (decimal 248)
   defining Unicode char U+00F9 (decimal 249)
   defining Unicode char U+00FA (decimal 250)
   defining Unicode char U+00FB (decimal 251)
   defining Unicode char U+00FC (decimal 252)
   defining Unicode char U+00FD (decimal 253)
   defining Unicode char U+00FE (decimal 254)
   defining Unicode char U+00FF (decimal 255)
   defining Unicode char U+0102 (decimal 258)
   defining Unicode char U+0103 (decimal 259)
   defining Unicode char U+0104 (decimal 260)
   defining Unicode char U+0105 (decimal 261)
   defining Unicode char U+0106 (decimal 262)
   defining Unicode char U+0107 (decimal 263)
   defining Unicode char U+010C (decimal 268)
   defining Unicode char U+010D (decimal 269)
   defining Unicode char U+010E (decimal 270)
   defining Unicode char U+010F (decimal 271)
   defining Unicode char U+0110 (decimal 272)
   defining Unicode char U+0111 (decimal 273)
   defining Unicode char U+0118 (decimal 280)
   defining Unicode char U+0119 (decimal 281)
   defining Unicode char U+011A (decimal 282)
   defining Unicode char U+011B (decimal 283)
   defining Unicode char U+011E (decimal 286)
   defining Unicode char U+011F (decimal 287)
   defining Unicode char U+0130 (decimal 304)
   defining Unicode char U+0131 (decimal 305)
   defining Unicode char U+0132 (decimal 306)
   defining Unicode char U+0133 (decimal 307)
   defining Unicode char U+0139 (decimal 313)
   defining Unicode char U+013A (decimal 314)
   defining Unicode char U+013D (decimal 317)
   defining Unicode char U+013E (decimal 318)
   defining Unicode char U+0141 (decimal 321)
   defining Unicode char U+0142 (decimal 322)
   defining Unicode char U+0143 (decimal 323)
   defining Unicode char U+0144 (decimal 324)
   defining Unicode char U+0147 (decimal 327)
   defining Unicode char U+0148 (decimal 328)
   defining Unicode char U+014A (decimal 330)
   defining Unicode char U+014B (decimal 331)
   defining Unicode char U+0150 (decimal 336)
   defining Unicode char U+0151 (decimal 337)
   defining Unicode char U+0152 (decimal 338)
   defining Unicode char U+0153 (decimal 339)
   defining Unicode char U+0154 (decimal 340)
   defining Unicode char U+0155 (decimal 341)
   defining Unicode char U+0158 (decimal 344)
   defining Unicode char U+0159 (decimal 345)
   defining Unicode char U+015A (decimal 346)
   defining Unicode char U+015B (decimal 347)
   defining Unicode char U+015E (decimal 350)
   defining Unicode char U+015F (decimal 351)
   defining Unicode char U+0160 (decimal 352)
   defining Unicode char U+0161 (decimal 353)
   defining Unicode char U+0162 (decimal 354)
   defining Unicode char U+0163 (decimal 355)
   defining Unicode char U+0164 (decimal 356)
   defining Unicode char U+0165 (decimal 357)
   defining Unicode char U+016E (decimal 366)
   defining Unicode char U+016F (decimal 367)
   defining Unicode char U+0170 (decimal 368)
   defining Unicode char U+0171 (decimal 369)
   defining Unicode char U+0178 (decimal 376)
   defining Unicode char U+0179 (decimal 377)
   defining Unicode char U+017A (decimal 378)
   defining Unicode char U+017B (decimal 379)
   defining Unicode char U+017C (decimal 380)
   defining Unicode char U+017D (decimal 381)
   defining Unicode char U+017E (decimal 382)
   defining Unicode char U+200C (decimal 8204)
   defining Unicode char U+2013 (decimal 8211)
   defining Unicode char U+2014 (decimal 8212)
   defining Unicode char U+2018 (decimal 8216)
   defining Unicode char U+2019 (decimal 8217)
   defining Unicode char U+201A (decimal 8218)
   defining Unicode char U+201C (decimal 8220)
   defining Unicode char U+201D (decimal 8221)
   defining Unicode char U+201E (decimal 8222)
   defining Unicode char U+2030 (decimal 8240)
   defining Unicode char U+2031 (decimal 8241)
   defining Unicode char U+2039 (decimal 8249)
   defining Unicode char U+203A (decimal 8250)
   defining Unicode char U+2423 (decimal 9251)
)
Now handling font encoding OT1 ...
... processing UTF-8 mapping file for font encoding OT1

("C:\Program Files\MiKTeX 2.9\tex\latex\base\ot1enc.dfu"
File: ot1enc.dfu 2008/04/05 v1.1m UTF-8 support for inputenc
   defining Unicode char U+00A1 (decimal 161)
   defining Unicode char U+00A3 (decimal 163)
   defining Unicode char U+00B8 (decimal 184)
   defining Unicode char U+00BF (decimal 191)
   defining Unicode char U+00C5 (decimal 197)
   defining Unicode char U+00C6 (decimal 198)
   defining Unicode char U+00D8 (decimal 216)
   defining Unicode char U+00DF (decimal 223)
   defining Unicode char U+00E6 (decimal 230)
   defining Unicode char U+00EC (decimal 236)
   defining Unicode char U+00ED (decimal 237)
   defining Unicode char U+00EE (decimal 238)
   defining Unicode char U+00EF (decimal 239)
   defining Unicode char U+00F8 (decimal 248)
   defining Unicode char U+0131 (decimal 305)
   defining Unicode char U+0141 (decimal 321)
   defining Unicode char U+0142 (decimal 322)
   defining Unicode char U+0152 (decimal 338)
   defining Unicode char U+0153 (decimal 339)
   defining Unicode char U+2013 (decimal 8211)
   defining Unicode char U+2014 (decimal 8212)
   defining Unicode char U+2018 (decimal 8216)
   defining Unicode char U+2019 (decimal 8217)
   defining Unicode char U+201C (decimal 8220)
   defining Unicode char U+201D (decimal 8221)
)
Now handling font encoding OMS ...
... processing UTF-8 mapping file for font encoding OMS

("C:\Program Files\MiKTeX 2.9\tex\latex\base\omsenc.dfu"
File: omsenc.dfu 2008/04/05 v1.1m UTF-8 support for inputenc
   defining Unicode char U+00A7 (decimal 167)
   defining Unicode char U+00B6 (decimal 182)
   defining Unicode char U+00B7 (decimal 183)
   defining Unicode char U+2020 (decimal 8224)
   defining Unicode char U+2021 (decimal 8225)
   defining Unicode char U+2022 (decimal 8226)
)
Now handling font encoding OMX ...
... no UTF-8 mapping file for font encoding OMX
Now handling font encoding U ...
... no UTF-8 mapping file for font encoding U
   defining Unicode char U+00A9 (decimal 169)
   defining Unicode char U+00AA (decimal 170)
   defining Unicode char U+00AE (decimal 174)
   defining Unicode char U+00BA (decimal 186)
   defining Unicode char U+02C6 (decimal 710)
   defining Unicode char U+02DC (decimal 732)
   defining Unicode char U+200C (decimal 8204)
   defining Unicode char U+2026 (decimal 8230)
   defining Unicode char U+2122 (decimal 8482)
   defining Unicode char U+2423 (decimal 9251)
))
("C:\Program Files\MiKTeX 2.9\tex\latex\base\fontenc.sty"
Package: fontenc 2005/09/27 v1.99g Standard LaTeX package

("C:\Program Files\MiKTeX 2.9\tex\latex\base\t1enc.def"
File: t1enc.def 2005/09/27 v1.99g Standard LaTeX file
LaTeX Font Info:    Redeclaring font encoding T1 on input line 43.
))
("C:\Program Files\MiKTeX 2.9\tex\latex\graphics\graphicx.sty"
Package: graphicx 1999/02/16 v1.0f Enhanced LaTeX Graphics (DPC,SPQR)

("C:\Program Files\MiKTeX 2.9\tex\latex\graphics\graphics.sty"
Package: graphics 2009/02/05 v1.0o Standard LaTeX Graphics (DPC,SPQR)

("C:\Program Files\MiKTeX 2.9\tex\latex\graphics\trig.sty"
Package: trig 1999/03/16 v1.09 sin cos tan (DPC)
)
("C:\Program Files\MiKTeX 2.9\tex\latex\00miktex\graphics.cfg"
File: graphics.cfg 2007/01/18 v1.5 graphics configuration of teTeX/TeXLive
)
Package graphics Info: Driver file: pdftex.def on input line 91.

("C:\Program Files\MiKTeX 2.9\tex\latex\pdftex-def\pdftex.def"
File: pdftex.def 2011/05/27 v0.06d Graphics/color for pdfTeX

("C:\Program Files\MiKTeX 2.9\tex\generic\oberdiek\infwarerr.sty"
Package: infwarerr 2010/04/08 v1.3 Providing info/warning/error messages (HO)
)
("C:\Program Files\MiKTeX 2.9\tex\generic\oberdiek\ltxcmds.sty"
Package: ltxcmds 2011/11/09 v1.22 LaTeX kernel commands for general use (HO)
)
\Gread@gobject=\count92
))
\Gin@req@height=\dimen111
\Gin@req@width=\dimen112
)
("C:\Program Files\MiKTeX 2.9\tex\generic\babel\babel.sty"
Package: babel 2008/07/08 v3.8m The Babel package

*************************************
* Local config file bblopts.cfg used
*
("C:\Program Files\MiKTeX 2.9\tex\latex\00miktex\bblopts.cfg"
File: bblopts.cfg 2006/07/31 v1.0 MiKTeX 'babel' configuration
)
("C:\Program Files\MiKTeX 2.9\tex\generic\babel\ngermanb.ldf"
Language: ngermanb 2008/07/06 v2.6n new German support from the babel system

("C:\Program Files\MiKTeX 2.9\tex\generic\babel\babel.def"
File: babel.def 2008/07/08 v3.8m Babel common definitions
\babel@savecnt=\count93
\U@D=\dimen113
)
\l@naustrian = a dialect from \language\l@ngerman 
Package babel Info: Making " an active character on input line 92.
))
("C:\Program Files\MiKTeX 2.9\tex\latex\lm\lmodern.sty"
Package: lmodern 2009/10/30 v1.6 Latin Modern Fonts
LaTeX Font Info:    Overwriting symbol font `operators' in version `normal'
(Font)                  OT1/cmr/m/n --> OT1/lmr/m/n on input line 22.
LaTeX Font Info:    Overwriting symbol font `letters' in version `normal'
(Font)                  OML/cmm/m/it --> OML/lmm/m/it on input line 23.
LaTeX Font Info:    Overwriting symbol font `symbols' in version `normal'
(Font)                  OMS/cmsy/m/n --> OMS/lmsy/m/n on input line 24.
LaTeX Font Info:    Overwriting symbol font `largesymbols' in version `normal'
(Font)                  OMX/cmex/m/n --> OMX/lmex/m/n on input line 25.
LaTeX Font Info:    Overwriting symbol font `operators' in version `bold'
(Font)                  OT1/cmr/bx/n --> OT1/lmr/bx/n on input line 26.
LaTeX Font Info:    Overwriting symbol font `letters' in version `bold'
(Font)                  OML/cmm/b/it --> OML/lmm/b/it on input line 27.
LaTeX Font Info:    Overwriting symbol font `symbols' in version `bold'
(Font)                  OMS/cmsy/b/n --> OMS/lmsy/b/n on input line 28.
LaTeX Font Info:    Overwriting symbol font `largesymbols' in version `bold'
(Font)                  OMX/cmex/m/n --> OMX/lmex/m/n on input line 29.
LaTeX Font Info:    Overwriting math alphabet `\mathbf' in version `normal'
(Font)                  OT1/cmr/bx/n --> OT1/lmr/bx/n on input line 31.
LaTeX Font Info:    Overwriting math alphabet `\mathsf' in version `normal'
(Font)                  OT1/cmss/m/n --> OT1/lmss/m/n on input line 32.
LaTeX Font Info:    Overwriting math alphabet `\mathit' in version `normal'
(Font)                  OT1/cmr/m/it --> OT1/lmr/m/it on input line 33.
LaTeX Font Info:    Overwriting math alphabet `\mathtt' in version `normal'
(Font)                  OT1/cmtt/m/n --> OT1/lmtt/m/n on input line 34.
LaTeX Font Info:    Overwriting math alphabet `\mathbf' in version `bold'
(Font)                  OT1/cmr/bx/n --> OT1/lmr/bx/n on input line 35.
LaTeX Font Info:    Overwriting math alphabet `\mathsf' in version `bold'
(Font)                  OT1/cmss/bx/n --> OT1/lmss/bx/n on input line 36.
LaTeX Font Info:    Overwriting math alphabet `\mathit' in version `bold'
(Font)                  OT1/cmr/bx/it --> OT1/lmr/bx/it on input line 37.
LaTeX Font Info:    Overwriting math alphabet `\mathtt' in version `bold'
(Font)                  OT1/cmtt/m/n --> OT1/lmtt/m/n on input line 38.
)
(C:\Users\Anwender_2\AppData\Roaming\MiKTeX\2.9\tex\latex\listings\listings.sty
\lst@mode=\count94
\lst@gtempboxa=\box27
\lst@token=\toks18
\lst@length=\count95
\lst@currlwidth=\dimen114
\lst@column=\count96
\lst@pos=\count97
\lst@lostspace=\dimen115
\lst@width=\dimen116
\lst@newlines=\count98
\lst@lineno=\count99
\lst@maxwidth=\dimen117
(C:\Users\Anwender_2\AppData\Roaming\MiKTeX\2.9\tex\latex\listings\lstmisc.sty
File: lstmisc.sty 2013/08/26 1.5b (Carsten Heinz)
\c@lstnumber=\count100
\lst@skipnumbers=\count101
\lst@framebox=\box28
)
(C:\Users\Anwender_2\AppData\Roaming\MiKTeX\2.9\tex\latex\listings\listings.cfg
File: listings.cfg 2013/08/26 1.5b listings configuration
))
Package: listings 2013/08/26 1.5b (Carsten Heinz)
 (C:\Users\Anwender_2\AppData\Roaming\MiKTeX\2.9\tex\latex\natbib\natbib.sty
Package: natbib 2010/09/13 8.31b (PWD, AO)
\bibhang=\skip47
\bibsep=\skip48
LaTeX Info: Redefining \cite on input line 694.
\c@NAT@ctr=\count102
) (C:\Users\Anwender_2\AppData\Roaming\MiKTeX\2.9\tex\latex\acronym\acronym.sty
Package: acronym 2014/09/29 v1.40 Support for acronyms (Tobias Oetiker)

(C:\Users\Anwender_2\AppData\Roaming\MiKTeX\2.9\tex\latex\bigfoot\suffix.sty
Package: suffix 2006/07/15 1.5a Variant command support
)
(C:\Users\Anwender_2\AppData\Roaming\MiKTeX\2.9\tex\latex\xstring\xstring.sty
(C:\Users\Anwender_2\AppData\Roaming\MiKTeX\2.9\tex\generic\xstring\xstring.tex
\@xs@message=\write3
\integerpart=\count103
\decimalpart=\count104
)
Package: xstring 2013/10/13  v1.7c  String manipulations (C Tellechea)
)
\AC@clearlist=\toks19
) ("C:\Program Files\MiKTeX 2.9\tex\latex\float\float.sty"
Package: float 2001/11/08 v1.3d Float enhancements (AL)
\c@float@type=\count105
\float@exts=\toks20
\float@box=\box29
\@float@everytoks=\toks21
\@floatcapt=\box30
)
(C:\Users\Anwender_2\AppData\Roaming\MiKTeX\2.9\tex\latex\lastpage\lastpage.sty
Package: lastpage 2013/01/28 v1.2l Refers to last page's name (HMM; JPG)
) ("C:\Program Files\MiKTeX 2.9\tex\latex\tools\array.sty"
Package: array 2008/09/09 v2.4c Tabular extension package (FMi)
\col@sep=\dimen118
\extrarowheight=\dimen119
\NC@list=\toks22
\extratabsurround=\skip49
\backup@length=\skip50
)
(C:\Users\Anwender_2\AppData\Roaming\MiKTeX\2.9\tex\latex\fancyhdr\fancyhdr.sty
\fancy@headwidth=\skip51
\f@ncyO@elh=\skip52
\f@ncyO@erh=\skip53
\f@ncyO@olh=\skip54
\f@ncyO@orh=\skip55
\f@ncyO@elf=\skip56
\f@ncyO@erf=\skip57
\f@ncyO@olf=\skip58
\f@ncyO@orf=\skip59
) ("C:\Program Files\MiKTeX 2.9\tex\latex\ltxmisc\url.sty"
\Urlmuskip=\muskip10
Package: url 2006/04/12  ver 3.3  Verb mode for urls, etc.
)
("C:\Program Files\MiKTeX 2.9\tex\latex\hyperref\hyperref.sty"
Package: hyperref 2012/11/06 v6.83m Hypertext links for LaTeX

("C:\Program Files\MiKTeX 2.9\tex\generic\oberdiek\hobsub-hyperref.sty"
Package: hobsub-hyperref 2012/04/25 v1.12 Bundle oberdiek, subset hyperref (HO)


("C:\Program Files\MiKTeX 2.9\tex\generic\oberdiek\hobsub-generic.sty"
Package: hobsub-generic 2012/04/25 v1.12 Bundle oberdiek, subset generic (HO)
Package: hobsub 2012/04/25 v1.12 Construct package bundles (HO)
Package hobsub Info: Skipping package `infwarerr' (already loaded).
Package hobsub Info: Skipping package `ltxcmds' (already loaded).
Package: ifluatex 2010/03/01 v1.3 Provides the ifluatex switch (HO)
Package ifluatex Info: LuaTeX not detected.
Package hobsub Info: Skipping package `ifvtex' (already loaded).
Package: intcalc 2007/09/27 v1.1 Expandable calculations with integers (HO)
Package hobsub Info: Skipping package `ifpdf' (already loaded).
Package: etexcmds 2011/02/16 v1.5 Avoid name clashes with e-TeX commands (HO)
Package etexcmds Info: Could not find \expanded.
(etexcmds)             That can mean that you are not using pdfTeX 1.50 or
(etexcmds)             that some package has redefined \expanded.
(etexcmds)             In the latter case, load this package earlier.
Package: kvsetkeys 2012/04/25 v1.16 Key value parser (HO)
Package: kvdefinekeys 2011/04/07 v1.3 Define keys (HO)
Package: pdftexcmds 2011/11/29 v0.20 Utility functions of pdfTeX for LuaTeX (HO
)
Package pdftexcmds Info: LuaTeX not detected.
Package pdftexcmds Info: \pdf@primitive is available.
Package pdftexcmds Info: \pdf@ifprimitive is available.
Package pdftexcmds Info: \pdfdraftmode found.
Package: pdfescape 2011/11/25 v1.13 Implements pdfTeX's escape features (HO)
Package: bigintcalc 2012/04/08 v1.3 Expandable calculations on big integers (HO
)
Package: bitset 2011/01/30 v1.1 Handle bit-vector datatype (HO)
Package: uniquecounter 2011/01/30 v1.2 Provide unlimited unique counter (HO)
)
Package hobsub Info: Skipping package `hobsub' (already loaded).
Package: letltxmacro 2010/09/02 v1.4 Let assignment for LaTeX macros (HO)
Package: hopatch 2011/06/24 v1.1 Wrapper for package hooks (HO)
Package: xcolor-patch 2011/01/30 xcolor patch
Package: atveryend 2011/06/30 v1.8 Hooks at the very end of document (HO)
Package atveryend Info: \enddocument detected (standard20110627).
Package: atbegshi 2011/10/05 v1.16 At begin shipout hook (HO)
Package: refcount 2011/10/16 v3.4 Data extraction from label references (HO)
Package: hycolor 2011/01/30 v1.7 Color options for hyperref/bookmark (HO)
)
("C:\Program Files\MiKTeX 2.9\tex\latex\oberdiek\auxhook.sty"
Package: auxhook 2011/03/04 v1.3 Hooks for auxiliary files (HO)
)
("C:\Program Files\MiKTeX 2.9\tex\latex\oberdiek\kvoptions.sty"
Package: kvoptions 2011/06/30 v3.11 Key value format for package options (HO)
)
\@linkdim=\dimen120
\Hy@linkcounter=\count106
\Hy@pagecounter=\count107

("C:\Program Files\MiKTeX 2.9\tex\latex\hyperref\pd1enc.def"
File: pd1enc.def 2012/11/06 v6.83m Hyperref: PDFDocEncoding definition (HO)
Now handling font encoding PD1 ...
... no UTF-8 mapping file for font encoding PD1
)
\Hy@SavedSpaceFactor=\count108

("C:\Program Files\MiKTeX 2.9\tex\latex\00miktex\hyperref.cfg"
File: hyperref.cfg 2002/06/06 v1.2 hyperref configuration of TeXLive
)
Package hyperref Info: Option `colorlinks' set `true' on input line 4319.
Package hyperref Info: Hyper figures OFF on input line 4443.
Package hyperref Info: Link nesting OFF on input line 4448.
Package hyperref Info: Hyper index ON on input line 4451.
Package hyperref Info: Plain pages OFF on input line 4458.
Package hyperref Info: Backreferencing OFF on input line 4463.
Package hyperref Info: Implicit mode ON; LaTeX internals redefined.
Package hyperref Info: Bookmarks ON on input line 4688.
\c@Hy@tempcnt=\count109
LaTeX Info: Redefining \url on input line 5041.
\XeTeXLinkMargin=\dimen121
\Fld@menulength=\count110
\Field@Width=\dimen122
\Fld@charsize=\dimen123
Package hyperref Info: Hyper figures OFF on input line 6295.
Package hyperref Info: Link nesting OFF on input line 6300.
Package hyperref Info: Hyper index ON on input line 6303.
Package hyperref Info: backreferencing OFF on input line 6310.
Package hyperref Info: Link coloring ON on input line 6313.
Package hyperref Info: Link coloring with OCG OFF on input line 6320.
Package hyperref Info: PDF/A mode OFF on input line 6325.
LaTeX Info: Redefining \ref on input line 6365.
LaTeX Info: Redefining \pageref on input line 6369.
\Hy@abspage=\count111
\c@Item=\count112
\c@Hfootnote=\count113
)

Package hyperref Message: Driver (autodetected): hpdftex.

("C:\Program Files\MiKTeX 2.9\tex\latex\hyperref\hpdftex.def"
File: hpdftex.def 2012/11/06 v6.83m Hyperref driver for pdfTeX
\Fld@listcount=\count114
\c@bookmark@seq@number=\count115

("C:\Program Files\MiKTeX 2.9\tex\latex\oberdiek\rerunfilecheck.sty"
Package: rerunfilecheck 2011/04/15 v1.7 Rerun checks for auxiliary files (HO)
Package uniquecounter Info: New unique counter `rerunfilecheck' on input line 2
82.
)
\Hy@SectionHShift=\skip60
)
("C:\Program Files\MiKTeX 2.9\tex\latex\amsmath\amsmath.sty"
Package: amsmath 2013/01/14 v2.14 AMS math features
\@mathmargin=\skip61

For additional information on amsmath, use the `?' option.
("C:\Program Files\MiKTeX 2.9\tex\latex\amsmath\amstext.sty"
Package: amstext 2000/06/29 v2.01

("C:\Program Files\MiKTeX 2.9\tex\latex\amsmath\amsgen.sty"
File: amsgen.sty 1999/11/30 v2.0
\@emptytoks=\toks23
\ex@=\dimen124
))
("C:\Program Files\MiKTeX 2.9\tex\latex\amsmath\amsbsy.sty"
Package: amsbsy 1999/11/29 v1.2d
\pmbraise@=\dimen125
)
("C:\Program Files\MiKTeX 2.9\tex\latex\amsmath\amsopn.sty"
Package: amsopn 1999/12/14 v2.01 operator names
)
\inf@bad=\count116
LaTeX Info: Redefining \frac on input line 210.
\uproot@=\count117
\leftroot@=\count118
LaTeX Info: Redefining \overline on input line 306.
\classnum@=\count119
\DOTSCASE@=\count120
LaTeX Info: Redefining \ldots on input line 378.
LaTeX Info: Redefining \dots on input line 381.
LaTeX Info: Redefining \cdots on input line 466.
\Mathstrutbox@=\box31
\strutbox@=\box32
\big@size=\dimen126
LaTeX Font Info:    Redeclaring font encoding OML on input line 566.
LaTeX Font Info:    Redeclaring font encoding OMS on input line 567.
\macc@depth=\count121
\c@MaxMatrixCols=\count122
\dotsspace@=\muskip11
\c@parentequation=\count123
\dspbrk@lvl=\count124
\tag@help=\toks24
\row@=\count125
\column@=\count126
\maxfields@=\count127
\andhelp@=\toks25
\eqnshift@=\dimen127
\alignsep@=\dimen128
\tagshift@=\dimen129
\tagwidth@=\dimen130
\totwidth@=\dimen131
\lineht@=\dimen132
\@envbody=\toks26
\multlinegap=\skip62
\multlinetaggap=\skip63
\mathdisplay@stack=\toks27
LaTeX Info: Redefining \[ on input line 2665.
LaTeX Info: Redefining \] on input line 2666.
)
("C:\Program Files\MiKTeX 2.9\tex\latex\amsfonts\amssymb.sty"
Package: amssymb 2013/01/14 v3.01 AMS font symbols

("C:\Program Files\MiKTeX 2.9\tex\latex\amsfonts\amsfonts.sty"
Package: amsfonts 2013/01/14 v3.01 Basic AMSFonts support
\symAMSa=\mathgroup4
\symAMSb=\mathgroup5
LaTeX Font Info:    Overwriting math alphabet `\mathfrak' in version `bold'
(Font)                  U/euf/m/n --> U/euf/b/n on input line 106.
))
(C:\Users\Anwender_2\AppData\Roaming\MiKTeX\2.9\tex\latex\pgf\frontendlayer\tik
z.sty
(C:\Users\Anwender_2\AppData\Roaming\MiKTeX\2.9\tex\latex\pgf\basiclayer\pgf.st
y
(C:\Users\Anwender_2\AppData\Roaming\MiKTeX\2.9\tex\latex\pgf\utilities\pgfrcs.
sty
(C:\Users\Anwender_2\AppData\Roaming\MiKTeX\2.9\tex\generic\pgf\utilities\pgfut
il-common.tex
\pgfutil@everybye=\toks28
\pgfutil@tempdima=\dimen133
\pgfutil@tempdimb=\dimen134

(C:\Users\Anwender_2\AppData\Roaming\MiKTeX\2.9\tex\generic\pgf\utilities\pgfut
il-common-lists.tex))
(C:\Users\Anwender_2\AppData\Roaming\MiKTeX\2.9\tex\generic\pgf\utilities\pgfut
il-latex.def
\pgfutil@abb=\box33

(C:\Users\Anwender_2\AppData\Roaming\MiKTeX\2.9\tex\latex\ms\everyshi.sty
Package: everyshi 2001/05/15 v3.00 EveryShipout Package (MS)
))
(C:\Users\Anwender_2\AppData\Roaming\MiKTeX\2.9\tex\generic\pgf\utilities\pgfrc
s.code.tex
Package: pgfrcs 2013/12/20 v3.0.0 (rcs-revision 1.28)
))
Package: pgf 2013/12/18 v3.0.0 (rcs-revision 1.14)

(C:\Users\Anwender_2\AppData\Roaming\MiKTeX\2.9\tex\latex\pgf\basiclayer\pgfcor
e.sty
(C:\Users\Anwender_2\AppData\Roaming\MiKTeX\2.9\tex\latex\pgf\systemlayer\pgfsy
s.sty
(C:\Users\Anwender_2\AppData\Roaming\MiKTeX\2.9\tex\generic\pgf\systemlayer\pgf
sys.code.tex
Package: pgfsys 2013/11/30 v3.0.0 (rcs-revision 1.47)

(C:\Users\Anwender_2\AppData\Roaming\MiKTeX\2.9\tex\generic\pgf\utilities\pgfke
ys.code.tex
\pgfkeys@pathtoks=\toks29
\pgfkeys@temptoks=\toks30

(C:\Users\Anwender_2\AppData\Roaming\MiKTeX\2.9\tex\generic\pgf\utilities\pgfke
ysfiltered.code.tex
\pgfkeys@tmptoks=\toks31
))
\pgf@x=\dimen135
\pgf@y=\dimen136
\pgf@xa=\dimen137
\pgf@ya=\dimen138
\pgf@xb=\dimen139
\pgf@yb=\dimen140
\pgf@xc=\dimen141
\pgf@yc=\dimen142
\w@pgf@writea=\write4
\r@pgf@reada=\read1
\c@pgf@counta=\count128
\c@pgf@countb=\count129
\c@pgf@countc=\count130
\c@pgf@countd=\count131
\t@pgf@toka=\toks32
\t@pgf@tokb=\toks33
\t@pgf@tokc=\toks34

(C:\Users\Anwender_2\AppData\Roaming\MiKTeX\2.9\tex\generic\pgf\systemlayer\pgf
.cfg
File: pgf.cfg 2008/05/14  (rcs-revision 1.7)
)
Driver file for pgf: pgfsys-pdftex.def

(C:\Users\Anwender_2\AppData\Roaming\MiKTeX\2.9\tex\generic\pgf\systemlayer\pgf
sys-pdftex.def
File: pgfsys-pdftex.def 2013/07/18  (rcs-revision 1.33)

(C:\Users\Anwender_2\AppData\Roaming\MiKTeX\2.9\tex\generic\pgf\systemlayer\pgf
sys-common-pdf.def
File: pgfsys-common-pdf.def 2013/10/10  (rcs-revision 1.13)
)))
(C:\Users\Anwender_2\AppData\Roaming\MiKTeX\2.9\tex\generic\pgf\systemlayer\pgf
syssoftpath.code.tex
File: pgfsyssoftpath.code.tex 2013/09/09  (rcs-revision 1.9)
\pgfsyssoftpath@smallbuffer@items=\count132
\pgfsyssoftpath@bigbuffer@items=\count133
)
(C:\Users\Anwender_2\AppData\Roaming\MiKTeX\2.9\tex\generic\pgf\systemlayer\pgf
sysprotocol.code.tex
File: pgfsysprotocol.code.tex 2006/10/16  (rcs-revision 1.4)
))
(C:\Users\Anwender_2\AppData\Roaming\MiKTeX\2.9\tex\latex\xcolor\xcolor.sty
Package: xcolor 2007/01/21 v2.11 LaTeX color extensions (UK)

("C:\Program Files\MiKTeX 2.9\tex\latex\00miktex\color.cfg"
File: color.cfg 2007/01/18 v1.5 color configuration of teTeX/TeXLive
)
Package xcolor Info: Driver file: pdftex.def on input line 225.
Package xcolor Info: Model `cmy' substituted by `cmy0' on input line 1337.
Package xcolor Info: Model `hsb' substituted by `rgb' on input line 1341.
Package xcolor Info: Model `RGB' extended on input line 1353.
Package xcolor Info: Model `HTML' substituted by `rgb' on input line 1355.
Package xcolor Info: Model `Hsb' substituted by `hsb' on input line 1356.
Package xcolor Info: Model `tHsb' substituted by `hsb' on input line 1357.
Package xcolor Info: Model `HSB' substituted by `hsb' on input line 1358.
Package xcolor Info: Model `Gray' substituted by `gray' on input line 1359.
Package xcolor Info: Model `wave' substituted by `hsb' on input line 1360.
)
(C:\Users\Anwender_2\AppData\Roaming\MiKTeX\2.9\tex\generic\pgf\basiclayer\pgfc
ore.code.tex
Package: pgfcore 2010/04/11 v3.0.0 (rcs-revision 1.7)

(C:\Users\Anwender_2\AppData\Roaming\MiKTeX\2.9\tex\generic\pgf\math\pgfmath.co
de.tex
(C:\Users\Anwender_2\AppData\Roaming\MiKTeX\2.9\tex\generic\pgf\math\pgfmathcal
c.code.tex
(C:\Users\Anwender_2\AppData\Roaming\MiKTeX\2.9\tex\generic\pgf\math\pgfmathuti
l.code.tex)
(C:\Users\Anwender_2\AppData\Roaming\MiKTeX\2.9\tex\generic\pgf\math\pgfmathpar
ser.code.tex
\pgfmath@dimen=\dimen143
\pgfmath@count=\count134
\pgfmath@box=\box34
\pgfmath@toks=\toks35
\pgfmath@stack@operand=\toks36
\pgfmath@stack@operation=\toks37
)
(C:\Users\Anwender_2\AppData\Roaming\MiKTeX\2.9\tex\generic\pgf\math\pgfmathfun
ctions.code.tex
(C:\Users\Anwender_2\AppData\Roaming\MiKTeX\2.9\tex\generic\pgf\math\pgfmathfun
ctions.basic.code.tex)
(C:\Users\Anwender_2\AppData\Roaming\MiKTeX\2.9\tex\generic\pgf\math\pgfmathfun
ctions.trigonometric.code.tex)
(C:\Users\Anwender_2\AppData\Roaming\MiKTeX\2.9\tex\generic\pgf\math\pgfmathfun
ctions.random.code.tex)
(C:\Users\Anwender_2\AppData\Roaming\MiKTeX\2.9\tex\generic\pgf\math\pgfmathfun
ctions.comparison.code.tex)
(C:\Users\Anwender_2\AppData\Roaming\MiKTeX\2.9\tex\generic\pgf\math\pgfmathfun
ctions.base.code.tex)
(C:\Users\Anwender_2\AppData\Roaming\MiKTeX\2.9\tex\generic\pgf\math\pgfmathfun
ctions.round.code.tex)
(C:\Users\Anwender_2\AppData\Roaming\MiKTeX\2.9\tex\generic\pgf\math\pgfmathfun
ctions.misc.code.tex)
(C:\Users\Anwender_2\AppData\Roaming\MiKTeX\2.9\tex\generic\pgf\math\pgfmathfun
ctions.integerarithmetics.code.tex)))
(C:\Users\Anwender_2\AppData\Roaming\MiKTeX\2.9\tex\generic\pgf\math\pgfmathflo
at.code.tex
\c@pgfmathroundto@lastzeros=\count135
))
(C:\Users\Anwender_2\AppData\Roaming\MiKTeX\2.9\tex\generic\pgf\basiclayer\pgfc
orepoints.code.tex
File: pgfcorepoints.code.tex 2013/10/07  (rcs-revision 1.27)
\pgf@picminx=\dimen144
\pgf@picmaxx=\dimen145
\pgf@picminy=\dimen146
\pgf@picmaxy=\dimen147
\pgf@pathminx=\dimen148
\pgf@pathmaxx=\dimen149
\pgf@pathminy=\dimen150
\pgf@pathmaxy=\dimen151
\pgf@xx=\dimen152
\pgf@xy=\dimen153
\pgf@yx=\dimen154
\pgf@yy=\dimen155
\pgf@zx=\dimen156
\pgf@zy=\dimen157
)
(C:\Users\Anwender_2\AppData\Roaming\MiKTeX\2.9\tex\generic\pgf\basiclayer\pgfc
orepathconstruct.code.tex
File: pgfcorepathconstruct.code.tex 2013/10/07  (rcs-revision 1.29)
\pgf@path@lastx=\dimen158
\pgf@path@lasty=\dimen159
)
(C:\Users\Anwender_2\AppData\Roaming\MiKTeX\2.9\tex\generic\pgf\basiclayer\pgfc
orepathusage.code.tex
File: pgfcorepathusage.code.tex 2013/12/13  (rcs-revision 1.23)
\pgf@shorten@end@additional=\dimen160
\pgf@shorten@start@additional=\dimen161
)
(C:\Users\Anwender_2\AppData\Roaming\MiKTeX\2.9\tex\generic\pgf\basiclayer\pgfc
orescopes.code.tex
File: pgfcorescopes.code.tex 2013/10/09  (rcs-revision 1.44)
\pgfpic=\box35
\pgf@hbox=\box36
\pgf@layerbox@main=\box37
\pgf@picture@serial@count=\count136
)
(C:\Users\Anwender_2\AppData\Roaming\MiKTeX\2.9\tex\generic\pgf\basiclayer\pgfc
oregraphicstate.code.tex
File: pgfcoregraphicstate.code.tex 2013/09/19  (rcs-revision 1.11)
\pgflinewidth=\dimen162
)
(C:\Users\Anwender_2\AppData\Roaming\MiKTeX\2.9\tex\generic\pgf\basiclayer\pgfc
oretransformations.code.tex
File: pgfcoretransformations.code.tex 2013/10/10  (rcs-revision 1.17)
\pgf@pt@x=\dimen163
\pgf@pt@y=\dimen164
\pgf@pt@temp=\dimen165
)
(C:\Users\Anwender_2\AppData\Roaming\MiKTeX\2.9\tex\generic\pgf\basiclayer\pgfc
orequick.code.tex
File: pgfcorequick.code.tex 2008/10/09  (rcs-revision 1.3)
)
(C:\Users\Anwender_2\AppData\Roaming\MiKTeX\2.9\tex\generic\pgf\basiclayer\pgfc
oreobjects.code.tex
File: pgfcoreobjects.code.tex 2006/10/11  (rcs-revision 1.2)
)
(C:\Users\Anwender_2\AppData\Roaming\MiKTeX\2.9\tex\generic\pgf\basiclayer\pgfc
orepathprocessing.code.tex
File: pgfcorepathprocessing.code.tex 2013/09/09  (rcs-revision 1.9)
)
(C:\Users\Anwender_2\AppData\Roaming\MiKTeX\2.9\tex\generic\pgf\basiclayer\pgfc
orearrows.code.tex
File: pgfcorearrows.code.tex 2013/11/07  (rcs-revision 1.40)
\pgfarrowsep=\dimen166
)
(C:\Users\Anwender_2\AppData\Roaming\MiKTeX\2.9\tex\generic\pgf\basiclayer\pgfc
oreshade.code.tex
File: pgfcoreshade.code.tex 2013/07/15  (rcs-revision 1.15)
\pgf@max=\dimen167
\pgf@sys@shading@range@num=\count137
)
(C:\Users\Anwender_2\AppData\Roaming\MiKTeX\2.9\tex\generic\pgf\basiclayer\pgfc
oreimage.code.tex
File: pgfcoreimage.code.tex 2013/07/15  (rcs-revision 1.18)

(C:\Users\Anwender_2\AppData\Roaming\MiKTeX\2.9\tex\generic\pgf\basiclayer\pgfc
oreexternal.code.tex
File: pgfcoreexternal.code.tex 2013/07/15  (rcs-revision 1.20)
\pgfexternal@startupbox=\box38
))
(C:\Users\Anwender_2\AppData\Roaming\MiKTeX\2.9\tex\generic\pgf\basiclayer\pgfc
orelayers.code.tex
File: pgfcorelayers.code.tex 2013/07/18  (rcs-revision 1.7)
)
(C:\Users\Anwender_2\AppData\Roaming\MiKTeX\2.9\tex\generic\pgf\basiclayer\pgfc
oretransparency.code.tex
File: pgfcoretransparency.code.tex 2013/09/30  (rcs-revision 1.5)
)
(C:\Users\Anwender_2\AppData\Roaming\MiKTeX\2.9\tex\generic\pgf\basiclayer\pgfc
orepatterns.code.tex
File: pgfcorepatterns.code.tex 2013/11/07  (rcs-revision 1.5)
)))
(C:\Users\Anwender_2\AppData\Roaming\MiKTeX\2.9\tex\generic\pgf\modules\pgfmodu
leshapes.code.tex
File: pgfmoduleshapes.code.tex 2013/10/31  (rcs-revision 1.34)
\pgfnodeparttextbox=\box39
)
(C:\Users\Anwender_2\AppData\Roaming\MiKTeX\2.9\tex\generic\pgf\modules\pgfmodu
leplot.code.tex
File: pgfmoduleplot.code.tex 2013/07/31  (rcs-revision 1.12)
)
(C:\Users\Anwender_2\AppData\Roaming\MiKTeX\2.9\tex\latex\pgf\compatibility\pgf
comp-version-0-65.sty
Package: pgfcomp-version-0-65 2007/07/03 v3.0.0 (rcs-revision 1.7)
\pgf@nodesepstart=\dimen168
\pgf@nodesepend=\dimen169
)
(C:\Users\Anwender_2\AppData\Roaming\MiKTeX\2.9\tex\latex\pgf\compatibility\pgf
comp-version-1-18.sty
Package: pgfcomp-version-1-18 2007/07/23 v3.0.0 (rcs-revision 1.1)
))
(C:\Users\Anwender_2\AppData\Roaming\MiKTeX\2.9\tex\latex\pgf\utilities\pgffor.
sty
(C:\Users\Anwender_2\AppData\Roaming\MiKTeX\2.9\tex\latex\pgf\utilities\pgfkeys
.sty
(C:\Users\Anwender_2\AppData\Roaming\MiKTeX\2.9\tex\generic\pgf\utilities\pgfke
ys.code.tex))
(C:\Users\Anwender_2\AppData\Roaming\MiKTeX\2.9\tex\latex\pgf\math\pgfmath.sty
(C:\Users\Anwender_2\AppData\Roaming\MiKTeX\2.9\tex\generic\pgf\math\pgfmath.co
de.tex))
(C:\Users\Anwender_2\AppData\Roaming\MiKTeX\2.9\tex\generic\pgf\utilities\pgffo
r.code.tex
Package: pgffor 2013/12/13 v3.0.0 (rcs-revision 1.25)

(C:\Users\Anwender_2\AppData\Roaming\MiKTeX\2.9\tex\generic\pgf\math\pgfmath.co
de.tex)
\pgffor@iter=\dimen170
\pgffor@skip=\dimen171
\pgffor@stack=\toks38
\pgffor@toks=\toks39
))
(C:\Users\Anwender_2\AppData\Roaming\MiKTeX\2.9\tex\generic\pgf\frontendlayer\t
ikz\tikz.code.tex
Package: tikz 2013/12/13 v3.0.0 (rcs-revision 1.142)

(C:\Users\Anwender_2\AppData\Roaming\MiKTeX\2.9\tex\generic\pgf\libraries\pgfli
braryplothandlers.code.tex
File: pgflibraryplothandlers.code.tex 2013/08/31 v3.0.0 (rcs-revision 1.20)
\pgf@plot@mark@count=\count138
\pgfplotmarksize=\dimen172
)
\tikz@lastx=\dimen173
\tikz@lasty=\dimen174
\tikz@lastxsaved=\dimen175
\tikz@lastysaved=\dimen176
\tikzleveldistance=\dimen177
\tikzsiblingdistance=\dimen178
\tikz@figbox=\box40
\tikz@figbox@bg=\box41
\tikz@tempbox=\box42
\tikz@tempbox@bg=\box43
\tikztreelevel=\count139
\tikznumberofchildren=\count140
\tikznumberofcurrentchild=\count141
\tikz@fig@count=\count142

(C:\Users\Anwender_2\AppData\Roaming\MiKTeX\2.9\tex\generic\pgf\modules\pgfmodu
lematrix.code.tex
File: pgfmodulematrix.code.tex 2013/09/17  (rcs-revision 1.8)
\pgfmatrixcurrentrow=\count143
\pgfmatrixcurrentcolumn=\count144
\pgf@matrix@numberofcolumns=\count145
)
\tikz@expandcount=\count146

(C:\Users\Anwender_2\AppData\Roaming\MiKTeX\2.9\tex\generic\pgf\frontendlayer\t
ikz\libraries\tikzlibrarytopaths.code.tex
File: tikzlibrarytopaths.code.tex 2008/06/17 v3.0.0 (rcs-revision 1.2)
)))
("C:\Program Files\MiKTeX 2.9\tex\latex\oberdiek\epstopdf.sty"
Package: epstopdf 2010/02/09 v2.5 Conversion with epstopdf on the fly (HO)

("C:\Program Files\MiKTeX 2.9\tex\latex\oberdiek\epstopdf-base.sty"
Package: epstopdf-base 2010/02/09 v2.5 Base part for package epstopdf

("C:\Program Files\MiKTeX 2.9\tex\latex\oberdiek\grfext.sty"
Package: grfext 2010/08/19 v1.1 Manage graphics extensions (HO)
)
Package grfext Info: Graphics extension search list:
(grfext)             [.png,.pdf,.jpg,.mps,.jpeg,.jbig2,.jb2,.PNG,.PDF,.JPG,.JPE
G,.JBIG2,.JB2,.eps]
(grfext)             \AppendGraphicsExtensions on input line 452.
))
(C:\Users\Anwender_2\AppData\Roaming\MiKTeX\2.9\tex\latex\subfigure\subfigure.s
ty
Package: subfigure 2002/07/30 v2.1.4 subfigure package
\subfigtopskip=\skip64
\subfigcapskip=\skip65
\subfigcaptopadj=\dimen179
\subfigbottomskip=\skip66
\subfigcapmargin=\dimen180
\subfiglabelskip=\skip67
\c@subfigure=\count147
\c@lofdepth=\count148
\c@subtable=\count149
\c@lotdepth=\count150

****************************************
* Local config file subfigure.cfg used *
****************************************

(C:\Users\Anwender_2\AppData\Roaming\MiKTeX\2.9\tex\latex\subfigure\subfigure.c
fg)
\subfig@top=\skip68
\subfig@bottom=\skip69
)
(C:\Users\Anwender_2\AppData\Roaming\MiKTeX\2.9\tex\latex\eso-pic\eso-pic.sty
Package: eso-pic 2013/10/06 v2.0d eso-pic (RN)
)
("C:\Users\Anwender_2\Eigene Cloud\Dropbox\Hochschule Bonn-Rhein-Sieg\LaTeX\LaT
eX-Templatev2\lststyles.tex"
(C:\Users\Anwender_2\AppData\Roaming\MiKTeX\2.9\tex\latex\listings\lstlang1.sty
File: lstlang1.sty 2013/08/26 1.5b listings language file
)
(C:\Users\Anwender_2\AppData\Roaming\MiKTeX\2.9\tex\latex\listings\lstlang2.sty
File: lstlang2.sty 2013/08/26 1.5b listings language file
)
(C:\Users\Anwender_2\AppData\Roaming\MiKTeX\2.9\tex\latex\listings\lstmisc.sty
File: lstmisc.sty 2013/08/26 1.5b (Carsten Heinz)
))
("C:\Users\Anwender_2\Eigene Cloud\Dropbox\Hochschule Bonn-Rhein-Sieg\LaTeX\LaT
eX-Templatev2\document.aux")
LaTeX Font Info:    Checking defaults for OML/cmm/m/it on input line 101.
LaTeX Font Info:    ... okay on input line 101.
LaTeX Font Info:    Checking defaults for T1/cmr/m/n on input line 101.
LaTeX Font Info:    ... okay on input line 101.
LaTeX Font Info:    Checking defaults for OT1/cmr/m/n on input line 101.
LaTeX Font Info:    ... okay on input line 101.
LaTeX Font Info:    Checking defaults for OMS/cmsy/m/n on input line 101.
LaTeX Font Info:    ... okay on input line 101.
LaTeX Font Info:    Checking defaults for OMX/cmex/m/n on input line 101.
LaTeX Font Info:    ... okay on input line 101.
LaTeX Font Info:    Checking defaults for U/cmr/m/n on input line 101.
LaTeX Font Info:    ... okay on input line 101.
LaTeX Font Info:    Checking defaults for PD1/pdf/m/n on input line 101.
LaTeX Font Info:    ... okay on input line 101.
LaTeX Font Info:    Try loading font information for T1+lmr on input line 101.
 ("C:\Program Files\MiKTeX 2.9\tex\latex\lm\t1lmr.fd"
File: t1lmr.fd 2009/10/30 v1.6 Font defs for Latin Modern
)
*geometry* driver: auto-detecting
*geometry* detected driver: pdftex
*geometry* verbose mode - [ preamble ] result:
* driver: pdftex
* paper: a4paper
* layout: <same size as paper>
* layoutoffset:(h,v)=(0.0pt,0.0pt)
* modes: 
* h-part:(L,W,R)=(113.81102pt, 426.79135pt, 56.9055pt)
* v-part:(T,H,B)=(85.35826pt, 674.33032pt, 85.35826pt)
* \paperwidth=597.50787pt
* \paperheight=845.04684pt
* \textwidth=426.79135pt
* \textheight=674.33032pt
* \oddsidemargin=41.54103pt
* \evensidemargin=41.54103pt
* \topmargin=-26.78673pt
* \headheight=18.125pt
* \headsep=21.75pt
* \topskip=12.0pt
* \footskip=50.75pt
* \marginparwidth=49.79233pt
* \marginparsep=12.8401pt
* \columnsep=10.0pt
* \skip\footins=10.8pt plus 4.0pt minus 2.0pt
* \hoffset=0.0pt
* \voffset=0.0pt
* \mag=1000
* \@twocolumnfalse
* \@twosidefalse
* \@mparswitchfalse
* \@reversemarginfalse
* (1in=72.27pt=25.4mm, 1cm=28.453pt)


bibgerm.sty: babel.sty detected

(C:\Users\Anwender_2\AppData\Roaming\MiKTeX\2.9\tex\context\base\supp-pdf.mkii
[Loading MPS to PDF converter (version 2006.09.02).]
\scratchcounter=\count151
\scratchdimen=\dimen181
\scratchbox=\box44
\nofMPsegments=\count152
\nofMParguments=\count153
\everyMPshowfont=\toks40
\MPscratchCnt=\count154
\MPscratchDim=\dimen182
\MPnumerator=\count155
\makeMPintoPDFobject=\count156
\everyMPtoPDFconversion=\toks41
)
\c@lstlisting=\count157
Package lastpage Info: Please have a look at the pageslts package at
(lastpage)             http://www.ctan.org/tex-archive/ 
(lastpage)             macros/latex/contrib/pageslts/ 
(lastpage)             or
(lastpage)             http://www.ctan.org/tex-archive/ 
(lastpage)             install/macros/latex/contrib/pageslts.tds.zip
(lastpage)             ! on input line 101.
\AtBeginShipoutBox=\box45
Package hyperref Info: Link coloring ON on input line 101.
 ("C:\Program Files\MiKTeX 2.9\tex\latex\hyperref\nameref.sty"
Package: nameref 2012/10/27 v2.43 Cross-referencing by name of section

("C:\Program Files\MiKTeX 2.9\tex\generic\oberdiek\gettitlestring.sty"
Package: gettitlestring 2010/12/03 v1.4 Cleanup title references (HO)
)
\c@section@level=\count158
)
LaTeX Info: Redefining \ref on input line 101.
LaTeX Info: Redefining \pageref on input line 101.
LaTeX Info: Redefining \nameref on input line 101.

("C:\Users\Anwender_2\Eigene Cloud\Dropbox\Hochschule Bonn-Rhein-Sieg\LaTeX\LaT
eX-Templatev2\document.out")
("C:\Users\Anwender_2\Eigene Cloud\Dropbox\Hochschule Bonn-Rhein-Sieg\LaTeX\LaT
eX-Templatev2\document.out")
\@outlinefile=\write5
 ABD: EveryShipout initializing macros
("C:\Users\Anwender_2\Eigene Cloud\Dropbox\Hochschule Bonn-Rhein-Sieg\LaTeX\LaT
eX-Templatev2\title.tex"
<./images/Logo_H-BRS.jpg, id=93, 284.5029pt x 55.6479pt>
File: ./images/Logo_H-BRS.jpg Graphic file (type jpg)

<use ./images/Logo_H-BRS.jpg>
Package pdftex.def Info: ./images/Logo_H-BRS.jpg used on input line 18.
(pdftex.def)             Requested size: 284.5022pt x 55.64775pt.
LaTeX Font Info:    Try loading font information for T1+lmss on input line 21.

("C:\Program Files\MiKTeX 2.9\tex\latex\lm\t1lmss.fd"
File: t1lmss.fd 2009/10/30 v1.6 Font defs for Latin Modern
)
LaTeX Font Info:    Try loading font information for OT1+lmr on input line 22.

("C:\Program Files\MiKTeX 2.9\tex\latex\lm\ot1lmr.fd"
File: ot1lmr.fd 2009/10/30 v1.6 Font defs for Latin Modern
)
LaTeX Font Info:    Try loading font information for OML+lmm on input line 22.

("C:\Program Files\MiKTeX 2.9\tex\latex\lm\omllmm.fd"
File: omllmm.fd 2009/10/30 v1.6 Font defs for Latin Modern
)
LaTeX Font Info:    Try loading font information for OMS+lmsy on input line 22.


("C:\Program Files\MiKTeX 2.9\tex\latex\lm\omslmsy.fd"
File: omslmsy.fd 2009/10/30 v1.6 Font defs for Latin Modern
)
LaTeX Font Info:    Try loading font information for OMX+lmex on input line 22.


("C:\Program Files\MiKTeX 2.9\tex\latex\lm\omxlmex.fd"
File: omxlmex.fd 2009/10/30 v1.6 Font defs for Latin Modern
)
LaTeX Font Info:    External font `lmex10' loaded for size
(Font)              <12> on input line 22.
LaTeX Font Info:    External font `lmex10' loaded for size
(Font)              <8> on input line 22.
LaTeX Font Info:    External font `lmex10' loaded for size
(Font)              <6> on input line 22.
LaTeX Font Info:    Try loading font information for U+msa on input line 22.

("C:\Program Files\MiKTeX 2.9\tex\latex\amsfonts\umsa.fd"
File: umsa.fd 2013/01/14 v3.01 AMS symbols A
)
LaTeX Font Info:    Try loading font information for U+msb on input line 22.

("C:\Program Files\MiKTeX 2.9\tex\latex\amsfonts\umsb.fd"
File: umsb.fd 2013/01/14 v3.01 AMS symbols B
)
Overfull \hbox (24.39998pt too wide) in paragraph at lines 22--31
[] 
 []

<images/Logo_H-BRS_background.pdf, id=94, 62.634pt x 40.15pt>
File: images/Logo_H-BRS_background.pdf Graphic file (type pdf)

<use images/Logo_H-BRS_background.pdf>
Package pdftex.def Info: images/Logo_H-BRS_background.pdf used on input line 45
.
(pdftex.def)             Requested size: 597.59134pt x 383.0713pt.
 [1



{C:/Users/Anwender_2/AppData/Local/MiKTeX/2.9/pdftex/config/pdftex.map} <C:/Use
rs/Anwender_2/Eigene Cloud/Dropbox/Hochschule Bonn-Rhein-Sieg/LaTeX/LaTeX-Templ
atev2/images/Logo_H-BRS_background.pdf> <C:/Users/Anwender_2/Eigene Cloud/Dropb
ox/Hochschule Bonn-Rhein-Sieg/LaTeX/LaTeX-Templatev2/images/Logo_H-BRS.jpg>])
("C:\Users\Anwender_2\Eigene Cloud\Dropbox\Hochschule Bonn-Rhein-Sieg\LaTeX\LaT
eX-Templatev2\abstract.tex" [2


])
("C:\Users\Anwender_2\Eigene Cloud\Dropbox\Hochschule Bonn-Rhein-Sieg\LaTeX\LaT
eX-Templatev2\preamble.tex" [3


])
("C:\Users\Anwender_2\Eigene Cloud\Dropbox\Hochschule Bonn-Rhein-Sieg\LaTeX\LaT
eX-Templatev2\fancyRegisterPart.tex")
("C:\Users\Anwender_2\Eigene Cloud\Dropbox\Hochschule Bonn-Rhein-Sieg\LaTeX\LaT
eX-Templatev2\document.toc")
\tf@toc=\write6
 [4

]
("C:\Users\Anwender_2\Eigene Cloud\Dropbox\Hochschule Bonn-Rhein-Sieg\LaTeX\LaT
eX-Templatev2\fancyMainPart.tex")
("C:\Users\Anwender_2\Eigene Cloud\Dropbox\Hochschule Bonn-Rhein-Sieg\LaTeX\LaT
eX-Templatev2\chapter1.tex"
Kapitel 1.

Class scrreprt Warning: \float@addtolists detected!
(scrreprt)              You should use the features of package `tocbasic'
(scrreprt)              instead of \float@addtolists.
(scrreprt)              Support for \float@addtolists may be removed from
(scrreprt)              `scrreprt' soon .

[1

]
LaTeX Font Info:    Try loading font information for T1+lmtt on input line 26.
 ("C:\Program Files\MiKTeX 2.9\tex\latex\lm\t1lmtt.fd"
File: t1lmtt.fd 2009/10/30 v1.6 Font defs for Latin Modern
)
LaTeX Font Info:    External font `lmex10' loaded for size
(Font)              <10> on input line 44.
LaTeX Font Info:    External font `lmex10' loaded for size
(Font)              <7> on input line 44.
LaTeX Font Info:    External font `lmex10' loaded for size
(Font)              <5> on input line 44.
LaTeX Font Info:    Font shape `T1/lmtt/bx/n' in size <12> not available
(Font)              Font shape `T1/lmtt/b/n' tried instead on input line 51.
 [2] [3] [4] [5]
[6])
("C:\Users\Anwender_2\Eigene Cloud\Dropbox\Hochschule Bonn-Rhein-Sieg\LaTeX\LaT
eX-Templatev2\chapter2.tex" [7]
Kapitel 2.
<images/Logo_H-BRS.jpg, id=231, 284.5029pt x 55.6479pt>
File: images/Logo_H-BRS.jpg Graphic file (type jpg)

<use images/Logo_H-BRS.jpg>
Package pdftex.def Info: images/Logo_H-BRS.jpg used on input line 9.
(pdftex.def)             Requested size: 284.5022pt x 55.64775pt.
LaTeX Font Info:    Try loading font information for OMS+lmr on input line 19.
 ("C:\Program Files\MiKTeX 2.9\tex\latex\lm\omslmr.fd"
File: omslmr.fd 2009/10/30 v1.6 Font defs for Latin Modern
)
LaTeX Font Info:    Font shape `OMS/lmr/m/n' in size <12> not available
(Font)              Font shape `OMS/lmsy/m/n' tried instead on input line 19.
 [8

 <C:/Users/Anwender_2/Eigene Cloud/Dropbox/Hochschule Bonn-Rhein-Sieg/LaTeX/LaT
eX-Templatev2/images/Logo_H-BRS.jpg>]) [9]
("C:\Users\Anwender_2\Eigene Cloud\Dropbox\Hochschule Bonn-Rhein-Sieg\LaTeX\LaT
eX-Templatev2\fancyRegisterPart.tex")
("C:\Users\Anwender_2\Eigene Cloud\Dropbox\Hochschule Bonn-Rhein-Sieg\LaTeX\LaT
eX-Templatev2\appendix.tex"
Anhang A.
[10

]
Anhang B.
) [11

]
("C:\Users\Anwender_2\Eigene Cloud\Dropbox\Hochschule Bonn-Rhein-Sieg\LaTeX\LaT
eX-Templatev2\document.lof")
\tf@lof=\write7
 [12

]
("C:\Users\Anwender_2\Eigene Cloud\Dropbox\Hochschule Bonn-Rhein-Sieg\LaTeX\LaT
eX-Templatev2\document.lot")
\tf@lot=\write8
 [13

]

Class scrreprt Warning: Usage of deprecated \float@listhead!
(scrreprt)              You should use the features of package `tocbasic'
(scrreprt)              instead of \float@listhead.
(scrreprt)              Definition of \float@listhead my be removed from
(scrreprt)              `scrreprt' soon, so it should not be used  on input lin
e 153.


("C:\Users\Anwender_2\Eigene Cloud\Dropbox\Hochschule Bonn-Rhein-Sieg\LaTeX\LaT
eX-Templatev2\document.lol")
\tf@lol=\write9
 [14

]
("C:\Users\Anwender_2\Eigene Cloud\Dropbox\Hochschule Bonn-Rhein-Sieg\LaTeX\LaT
eX-Templatev2\abbreviations.tex") [15

]
("C:\Users\Anwender_2\Eigene Cloud\Dropbox\Hochschule Bonn-Rhein-Sieg\LaTeX\LaT
eX-Templatev2\document.bbl")
("C:\Users\Anwender_2\Eigene Cloud\Dropbox\Hochschule Bonn-Rhein-Sieg\LaTeX\LaT
eX-Templatev2\declaration.tex" [16

]
Underfull \hbox (badness 10000) in paragraph at lines 3--16

 []

) 
AED: lastpage setting LastPage

Overfull \hbox (3.09444pt too wide) in paragraph at lines 18--175
 [][] 
 []

[17

]
Package atveryend Info: Empty hook `BeforeClearDocument' on input line 175.
Package atveryend Info: Empty hook `AfterLastShipout' on input line 175.

("C:\Users\Anwender_2\Eigene Cloud\Dropbox\Hochschule Bonn-Rhein-Sieg\LaTeX\LaT
eX-Templatev2\document.aux")
Package atveryend Info: Executing hook `AtVeryEndDocument' on input line 175.
Package atveryend Info: Executing hook `AtEndAfterFileList' on input line 175.
Package rerunfilecheck Info: File `document.out' has not changed.
(rerunfilecheck)             Checksum: 1EA210AA382F24EE362370910B25EC91;1313.
Package atveryend Info: Empty hook `AtVeryVeryEnd' on input line 175.
 ) 
Here is how much of TeX's memory you used:
 22531 strings out of 493921
 397098 string characters out of 3147266
 558631 words of memory out of 3000000
 25216 multiletter control sequences out of 15000+200000
 90720 words of font info for 70 fonts, out of 3000000 for 9000
 841 hyphenation exceptions out of 8191
 64i,13n,60p,1002b,1737s stack positions out of 5000i,500n,10000p,200000b,50000s
{C:/Program Files/MiKTeX 2.9/fonts/enc/dvips/lm/lm-ec.enc}{C:/Program Files/M
iKTeX 2.9/fonts/enc/dvips/lm/lm-rm.enc}{C:/Program Files/MiKTeX 2.9/fonts/enc/d
vips/lm/lm-mathit.enc}{C:/Program Files/MiKTeX 2.9/fonts/enc/dvips/lm/lm-mathex
.enc}{C:/Program Files/MiKTeX 2.9/fonts/enc/dvips/lm/lm-mathsy.enc}<C:/Program 
Files/MiKTeX 2.9/fonts/type1/public/lm/lmbx12.pfb><C:/Program Files/MiKTeX 2.9/
fonts/type1/public/lm/lmbxo10.pfb><C:/Program Files/MiKTeX 2.9/fonts/type1/publ
ic/lm/lmcsc10.pfb><C:/Program Files/MiKTeX 2.9/fonts/type1/public/lm/lmex10.pfb
><C:/Program Files/MiKTeX 2.9/fonts/type1/public/lm/lmmi12.pfb><C:/Program File
s/MiKTeX 2.9/fonts/type1/public/lm/lmmi8.pfb><C:/Program Files/MiKTeX 2.9/fonts
/type1/public/lm/lmr10.pfb><C:/Program Files/MiKTeX 2.9/fonts/type1/public/lm/l
mr12.pfb><C:/Program Files/MiKTeX 2.9/fonts/type1/public/lm/lmr17.pfb><C:/Progr
am Files/MiKTeX 2.9/fonts/type1/public/lm/lmr6.pfb><C:/Program Files/MiKTeX 2.9
/fonts/type1/public/lm/lmr7.pfb><C:/Program Files/MiKTeX 2.9/fonts/type1/public
/lm/lmr8.pfb><C:/Program Files/MiKTeX 2.9/fonts/type1/public/lm/lmri12.pfb><C:/
Program Files/MiKTeX 2.9/fonts/type1/public/lm/lmro12.pfb><C:/Program Files/MiK
TeX 2.9/fonts/type1/public/lm/lmss12.pfb><C:/Program Files/MiKTeX 2.9/fonts/typ
e1/public/lm/lmssbx10.pfb><C:/Program Files/MiKTeX 2.9/fonts/type1/public/lm/lm
sy10.pfb><C:/Program Files/MiKTeX 2.9/fonts/type1/public/lm/lmtk10.pfb><C:/Prog
ram Files/MiKTeX 2.9/fonts/type1/public/lm/lmtt12.pfb><C:/Program Files/MiKTeX 
2.9/fonts/type1/public/lm/lmtti10.pfb>
Output written on document.pdf (21 pages, 1798842 bytes).
PDF statistics:
 415 PDF objects out of 1000 (max. 8388607)
 118 named destinations out of 1000 (max. 500000)
 204 words of extra memory for PDF output out of 10000 (max. 10000000)

